<?xml version="1.0" encoding="UTF-8"?>
<!-- Generated by org.testng.reporters.JUnitXMLReporter -->
<testsuite hostname="C0067.local" ignored="0" name="product" tests="15" failures="0" timestamp="01 dez 2019 21:28:47 GMT" time="6.151" errors="0">
  <testcase name="findByType" time="2.835" classname="com.api.playground.test.ProductTest"/>
  <testcase name="findProductById" time="0.1" classname="com.api.playground.test.ProductTest"/>
  <testcase name="findProductById" time="0.098" classname="com.api.playground.test.ProductTest"/>
  <testcase name="getAllProductsLimitTo1" time="0.283" classname="com.api.playground.test.ProductTest"/>
  <testcase name="getAllProductsLimitTo1" time="0.269" classname="com.api.playground.test.ProductTest"/>
  <testcase name="getAllProductsWithSkip" time="0.242" classname="com.api.playground.test.ProductTest"/>
  <testcase name="getAllProductsWithSkip" time="0.245" classname="com.api.playground.test.ProductTest"/>
  <testcase name="getProductWithDifferentType" time="0.138" classname="com.api.playground.test.ProductTest"/>
  <testcase name="getProductWithPriceLessOrEqual" time="0.086" classname="com.api.playground.test.ProductTest"/>
  <testcase name="getProductWithShippingPriceGreaterThan" time="0.093" classname="com.api.playground.test.ProductTest"/>
  <testcase name="getProductsPassingTwoPrices" time="0.084" classname="com.api.playground.test.ProductTest"/>
  <testcase name="returnAllProducts" time="0.259" classname="com.api.playground.test.ProductTest"/>
  <testcase name="showOnlyNameAndPrice" time="0.153" classname="com.api.playground.test.ProductTest"/>
  <testcase name="sortByHighestPrice" time="0.261" classname="com.api.playground.test.ProductTest"/>
  <testcase name="sortByLowestPrice" time="0.225" classname="com.api.playground.test.ProductTest"/>
</testsuite> <!-- product -->
