<?xml version="1.0" encoding="UTF-8"?>
<!-- Generated by org.testng.reporters.JUnitXMLReporter -->
<testsuite hostname="C0067.local" ignored="0" name="service" tests="3" failures="0" timestamp="01 dez 2019 21:28:52 GMT" time="0.112" errors="0">
  <testcase name="findServices" time="0.04" classname="com.api.playground.test.ServiceTest"/>
  <testcase name="findServices" time="0.031" classname="com.api.playground.test.ServiceTest"/>
  <testcase name="returnAllServices" time="0.031" classname="com.api.playground.test.ServiceTest"/>
</testsuite> <!-- service -->
