<?xml version="1.0" encoding="UTF-8"?>
<testsuite xmlns:xsi="http://www.w3.org/2001/XMLSchema-instance" xsi:noNamespaceSchemaLocation="https://maven.apache.org/surefire/maven-surefire-plugin/xsd/surefire-test-report-3.0.xsd" version="3.0" name="TestSuite" time="36.259" tests="19" errors="0" skipped="0" failures="0">
  <properties>
[...]
</properties>
  <testcase name="findByType" classname="com.api.playground.test.ProductTest" time="2.564"/>
  <testcase name="findProductById" classname="com.api.playground.test.ProductTest" time="0.148"/>
  <testcase name="findProductById" classname="com.api.playground.test.ProductTest" time="0.121"/>
  <testcase name="getAllProductsLimitTo1" classname="com.api.playground.test.ProductTest" time="0.28"/>
  <testcase name="getAllProductsLimitTo1" classname="com.api.playground.test.ProductTest" time="0.266"/>
  <testcase name="getAllProductsWithSkip" classname="com.api.playground.test.ProductTest" time="0.306"/>
  <testcase name="getAllProductsWithSkip" classname="com.api.playground.test.ProductTest" time="0.271"/>
  <testcase name="getProductWithDifferentType" classname="com.api.playground.test.ProductTest" time="0.114"/>
  <testcase name="getProductWithPriceLessOrEqual" classname="com.api.playground.test.ProductTest" time="0.094"/>
  <testcase name="getProductWithShippingPriceGreaterThan" classname="com.api.playground.test.ProductTest" time="0.088"/>
  <testcase name="getProductsPassingTwoPrices" classname="com.api.playground.test.ProductTest" time="0.076"/>
  <testcase name="returnAllProducts" classname="com.api.playground.test.ProductTest" time="0.22"/>
  <testcase name="showOnlyNameAndPrice" classname="com.api.playground.test.ProductTest" time="0.107"/>
  <testcase name="sortByHighestPrice" classname="com.api.playground.test.ProductTest" time="0.222"/>
  <testcase name="sortByLowestPrice" classname="com.api.playground.test.ProductTest" time="0.216"/>
  <testcase name="findServices" classname="com.api.playground.test.ServiceTest" time="0.053"/>
  <testcase name="findServices" classname="com.api.playground.test.ServiceTest" time="0.047"/>
  <testcase name="returnAllServices" classname="com.api.playground.test.ServiceTest" time="0.045"/>
  <testcase name="healthCheckAuth" classname="com.api.playground.test.HealthCheckTest" time="0.037"/>
</testsuite>